2025-08-05 18:08:25.581 [INFO]: checkDevice middleware - Request received
2025-08-05 18:08:25.581 [INFO]: checkDevice middleware - No deviceId provided, skipping device check
2025-08-05 18:08:25.581 [INFO]: Auth route - Login request received
2025-08-05 18:08:25.582 [DEBUG]: Auth route - Searching for user
2025-08-05 18:08:25.587 [WARN]: Auth route - User not found
2025-08-05 18:10:41.205 [INFO]: checkDevice middleware - Request received
2025-08-05 18:10:41.206 [INFO]: checkDevice middleware - No deviceId provided, skipping device check
2025-08-05 18:10:41.206 [INFO]: Auth route - Login request received
2025-08-05 18:10:41.206 [DEBUG]: Auth route - Searching for user
2025-08-05 18:10:41.206 [DEBUG]: Auth route - MongoDB connection state
2025-08-05 18:10:41.212 [DEBUG]: Auth route - User query result
2025-08-05 18:10:41.212 [WARN]: Auth route - User not found
2025-08-05 18:13:14.100 [INFO]: checkDevice middleware - Request received
2025-08-05 18:13:14.100 [DEBUG]: checkDevice middleware - Searching for user
2025-08-05 18:13:14.107 [INFO]: checkDevice middleware - User found
2025-08-05 18:13:14.110 [DEBUG]: checkDevice middleware - Found devices for user
2025-08-05 18:13:14.110 [DEBUG]: checkDevice middleware - Device not registered, checking limit
2025-08-05 18:13:14.110 [INFO]: checkDevice middleware - Device limit OK, proceeding to login
2025-08-05 18:13:14.111 [INFO]: Auth route - Login request received
2025-08-05 18:13:14.111 [DEBUG]: Auth route - Searching for user
2025-08-05 18:13:14.111 [DEBUG]: Auth route - MongoDB connection state
2025-08-05 18:13:14.114 [DEBUG]: Auth route - User query result
2025-08-05 18:13:14.114 [DEBUG]: Auth route - User found, validating password
2025-08-05 18:13:14.168 [INFO]: Auth route - Password validated successfully
2025-08-05 18:13:14.168 [DEBUG]: Auth route - Generating JWT token
2025-08-05 18:13:14.171 [INFO]: Auth route - Registering device
2025-08-05 18:13:14.177 [INFO]: Auth route - Device registered successfully
2025-08-05 18:13:14.177 [INFO]: Auth route - Login successful
2025-08-05 18:28:46.420 [INFO]: checkDevice middleware - Request received
2025-08-05 18:28:46.420 [DEBUG]: checkDevice middleware - Searching for user
2025-08-05 18:28:46.421 [WARN]: checkDevice middleware - User not found
2025-08-05 18:31:18.778 [INFO]: checkDevice middleware - Request received
2025-08-05 18:31:18.778 [DEBUG]: checkDevice middleware - Searching for user
2025-08-05 18:31:18.780 [INFO]: checkDevice middleware - User found
2025-08-05 18:31:18.782 [DEBUG]: checkDevice middleware - Found devices for user
2025-08-05 18:31:18.782 [DEBUG]: checkDevice middleware - Device not registered, checking limit
2025-08-05 18:31:18.782 [INFO]: checkDevice middleware - Device limit OK, proceeding to login
2025-08-05 18:31:18.782 [INFO]: Auth route - Login request received
2025-08-05 18:31:18.782 [DEBUG]: Auth route - Searching for user
2025-08-05 18:31:18.782 [DEBUG]: Auth route - MongoDB connection state
2025-08-05 18:31:18.784 [DEBUG]: Auth route - User query result
2025-08-05 18:31:18.784 [DEBUG]: Auth route - User found, validating password
2025-08-05 18:31:18.844 [INFO]: Auth route - Password validated successfully
2025-08-05 18:31:18.845 [DEBUG]: Auth route - Generating JWT token
2025-08-05 18:31:18.846 [INFO]: Auth route - Registering device
2025-08-05 18:31:18.848 [INFO]: Auth route - Device registered successfully
2025-08-05 18:31:18.848 [INFO]: Auth route - Login successful
